commit 1f0f8462452d5ebe6a49ca3cfa8b00ed10015780
Author: Ong Hock Leng <C140149@e.ntu.edu.sg>
Date:   Sun Feb 11 19:35:45 2018 +0800

    Updating missing contents for Javadoc creation.

src/com/xilinxlite/communication/Commands.java
src/com/xilinxlite/communication/CommunicationMgr.java
src/com/xilinxlite/gui/MenuBarDesign.java
src/com/xilinxlite/gui/functions/LayoutController.java
src/com/xilinxlite/gui/functions/LocalOrRemoteMgr.java
src/com/xilinxlite/gui/functions/Status.log

commit 27278922e2334d29254bf5adbe4a4397f1833fd2
Author: Ong Hock Leng <C140149@e.ntu.edu.sg>
Date:   Sun Feb 11 19:14:26 2018 +0800

    Removal of implementing DesignManager interface to classes in a different package. Note: Interface is not to be implemented by classes outside of its package.

src/com/xilinxlite/gui/functions/LocalOrRemoteMgr.java
src/com/xilinxlite/gui/functions/ProjectViewMgr.java

commit 213f137cb973a5bf7358b32714b975dd4ff7829d
Author: Ong Hock Leng <C140149@e.ntu.edu.sg>
Date:   Sun Feb 11 19:13:29 2018 +0800

    Minor code cleaning

src/com/xilinxlite/gui/SummaryTableDesign.java

commit 8d68ced51c6f7cdff3619a8ad80ebc5fcf382fe4
Author: Ong Hock Leng <C140149@e.ntu.edu.sg>
Date:   Sun Feb 11 19:12:14 2018 +0800

    Added javadoc for interface DesignManager

src/com/xilinxlite/gui/DesignManager.java

commit f33d10b05e6d5671eeedba692042b0a8e661bcb4
Author: Ong Hock Leng <C140149@e.ntu.edu.sg>
Date:   Sun Feb 11 19:01:56 2018 +0800

    Adding Status.log files for tracking package progress. Status.log for gui/functions is incomplete.

src/com/xilinxlite/communication/Status.log
src/com/xilinxlite/gui/Status.log
src/com/xilinxlite/gui/functions/Status.log

commit b642fe598bb4cb21aa642edbe70494be7a034249
Author: Ong Hock Leng <C140149@e.ntu.edu.sg>
Date:   Sun Feb 11 18:32:31 2018 +0800

    Removal of unnecessary code: BeanFactory and related stuffs

src/com/xilinxlite/bean/BeanFactory.java
src/com/xilinxlite/bean/BeanInstantiationError.java

commit 2ee061a99f789921bb4facdf1ee4e8ef3c962095
Author: Ong Hock Leng <C140149@e.ntu.edu.sg>
Date:   Sun Feb 11 18:30:04 2018 +0800

    First transfer

.gitignore
src/com/xilinxlite/MainApplication.java
src/com/xilinxlite/bean/BeanFactory.java
src/com/xilinxlite/bean/BeanInstantiationError.java
src/com/xilinxlite/communication/Commands.java
src/com/xilinxlite/communication/CommunicationMgr.java
src/com/xilinxlite/communication/SshCommands.java
src/com/xilinxlite/communication/XilinxAttribute.java
src/com/xilinxlite/communication/XtclshCommands.java
src/com/xilinxlite/communication/XtclshWrapper.java
src/com/xilinxlite/gui/ButtonSetDesign.java
src/com/xilinxlite/gui/DesignManager.java
src/com/xilinxlite/gui/DirectoryViewDesign.java
src/com/xilinxlite/gui/LocalOrRemoteDesign.java
src/com/xilinxlite/gui/LocalSettingDesign.java
src/com/xilinxlite/gui/MenuBarDesign.java
src/com/xilinxlite/gui/MessageViewDesign.java
src/com/xilinxlite/gui/ProjectViewDesign.java
src/com/xilinxlite/gui/SummaryTableDesign.java
src/com/xilinxlite/gui/functions/ButtonSetMgr.java
src/com/xilinxlite/gui/functions/DirectoryViewMgr.java
src/com/xilinxlite/gui/functions/FunctionController.java
src/com/xilinxlite/gui/functions/LayoutController.java
src/com/xilinxlite/gui/functions/LocalOrRemoteMgr.java
src/com/xilinxlite/gui/functions/LocalSettingMgr.java
src/com/xilinxlite/gui/functions/MenuBarMgr.java
src/com/xilinxlite/gui/functions/MessageViewMgr.java
src/com/xilinxlite/gui/functions/ProjectViewMgr.java
src/com/xilinxlite/gui/functions/PropertiesController.java
src/com/xilinxlite/gui/functions/SummaryTableMgr.java
src/com/xilinxlite/gui/functions/Updateable.java
src/com/xilinxlite/script.tcl
